[21-Apr-2015 02:43:30 UTC] PHP Deprecated:  mysql_connect(): The mysql extension is deprecated and will be removed in the future: use mysqli or PDO instead in C:\Users\James\Documents\TPS_GIT\station\p1settings.php on line 4
[21-Apr-2015 02:43:50 UTC] PHP Deprecated:  mysql_connect(): The mysql extension is deprecated and will be removed in the future: use mysqli or PDO instead in C:\Users\James\Documents\TPS_GIT\station\p1settings.php on line 4
[21-Apr-2015 02:44:04 UTC] PHP Deprecated:  mysql_connect(): The mysql extension is deprecated and will be removed in the future: use mysqli or PDO instead in C:\Users\James\Documents\TPS_GIT\station\p1settings.php on line 4
[21-Apr-2015 02:44:52 UTC] DEFAULT TIME ZONE UTC
[21-Apr-2015 02:44:52 UTC] File does not exist; setting timezone to UTC as failback
[21-Apr-2015 02:44:56 UTC] PHP Deprecated:  mysql_connect(): The mysql extension is deprecated and will be removed in the future: use mysqli or PDO instead in C:\Users\James\Documents\TPS_GIT\station\p1settings.php on line 4
[21-Apr-2015 02:45:42 UTC] DEFAULT TIME ZONE UTC
[21-Apr-2015 02:45:42 UTC] File does not exist; setting timezone to UTC as failback
[21-Apr-2015 02:45:42 UTC] PHP Notice:  A session had already been started - ignoring session_start() in C:\Users\James\Documents\TPS_GIT\station\p1settings.php on line 3
[21-Apr-2015 02:45:42 UTC] PHP Deprecated:  mysql_connect(): The mysql extension is deprecated and will be removed in the future: use mysqli or PDO instead in C:\Users\James\Documents\TPS_GIT\station\p1settings.php on line 5
[21-Apr-2015 02:45:52 UTC] DEFAULT TIME ZONE UTC
[21-Apr-2015 02:45:52 UTC] File does not exist; setting timezone to UTC as failback
[21-Apr-2015 02:45:53 UTC] PHP Deprecated:  mysql_connect(): The mysql extension is deprecated and will be removed in the future: use mysqli or PDO instead in C:\Users\James\Documents\TPS_GIT\station\p1settings.php on line 4
[21-Apr-2015 02:47:03 UTC] DEFAULT TIME ZONE UTC
[21-Apr-2015 02:47:03 UTC] File does not exist; setting timezone to UTC as failback
[21-Apr-2015 02:49:33 UTC] DEFAULT TIME ZONE UTC
[21-Apr-2015 02:49:33 UTC] File does not exist; setting timezone to UTC as failback
[21-Apr-2015 02:49:33 UTC] PHP Notice:  Undefined property: mysqli::$num_rows in C:\Users\James\Documents\TPS_GIT\station\p1settings.php on line 45
[21-Apr-2015 02:49:33 UTC] PHP Fatal error:  Call to undefined method mysqli::fetch_array() in C:\Users\James\Documents\TPS_GIT\station\p1settings.php on line 49
[21-Apr-2015 02:50:12 UTC] DEFAULT TIME ZONE UTC
[21-Apr-2015 02:50:12 UTC] File does not exist; setting timezone to UTC as failback
[21-Apr-2015 02:51:22 UTC] DEFAULT TIME ZONE UTC
[21-Apr-2015 02:51:22 UTC] File does not exist; setting timezone to UTC as failback
[21-Apr-2015 02:51:35 UTC] DEFAULT TIME ZONE UTC
[21-Apr-2015 02:51:35 UTC] File does not exist; setting timezone to UTC as failback
[21-Apr-2015 02:51:53 UTC] DEFAULT TIME ZONE UTC
[21-Apr-2015 02:51:53 UTC] File does not exist; setting timezone to UTC as failback
[21-Apr-2015 02:52:20 UTC] DEFAULT TIME ZONE UTC
[21-Apr-2015 02:52:20 UTC] File does not exist; setting timezone to UTC as failback
[21-Apr-2015 02:52:30 UTC] DEFAULT TIME ZONE UTC
[21-Apr-2015 02:52:30 UTC] File does not exist; setting timezone to UTC as failback
[21-Apr-2015 02:52:35 UTC] DEFAULT TIME ZONE UTC
[21-Apr-2015 02:52:35 UTC] File does not exist; setting timezone to UTC as failback
[21-Apr-2015 02:53:17 UTC] DEFAULT TIME ZONE UTC
[21-Apr-2015 02:53:17 UTC] File does not exist; setting timezone to UTC as failback
[21-Apr-2015 02:53:18 UTC] PHP Notice:  Use of undefined constant callsign - assumed 'callsign' in C:\Users\James\Documents\TPS_GIT\station\p2insertstation.php on line 14
[21-Apr-2015 02:53:18 UTC] PHP Notice:  Use of undefined constant name - assumed 'name' in C:\Users\James\Documents\TPS_GIT\station\p2insertstation.php on line 14
[21-Apr-2015 02:53:34 UTC] DEFAULT TIME ZONE UTC
[21-Apr-2015 02:53:34 UTC] File does not exist; setting timezone to UTC as failback
[21-Apr-2015 02:53:34 UTC] DEFAULT TIME ZONE UTC
[21-Apr-2015 02:53:34 UTC] File does not exist; setting timezone to UTC as failback
